<?xml version="1.0" encoding="UTF-8"?>
<!-- Generated by org.testng.reporters.JUnitXMLReporter -->
<testsuite hostname="Saeid-PC" ignored="2" name="Command line test" tests="10" failures="0" timestamp="26 Jan 2018 07:25:15 GMT" time="1.82" errors="0">
  <testcase name="@BeforeTest launchBrowser" time="0.0" classname="com.hybridFramework.testBase.TestBase">
    <failure type="java.lang.NullPointerException">
      <![CDATA[java.lang.NullPointerException
	at com.hybridFramework.helper.Wait.WaitHelper.<init>(WaitHelper.java:30)
	at com.hybridFramework.testBase.TestBase.launchBrowser(TestBase.java:74)
... Removed 33 stack frames]]>
    </failure>
  </testcase> <!-- @BeforeTest launchBrowser -->
  <testcase name="@BeforeMethod beforeMethod" time="0.0" classname="com.hybridFramework.testBase.TestBase">
    <skipped/>
  </testcase> <!-- @BeforeMethod beforeMethod -->
  <testcase name="@AfterMethod afterMethod" time="0.0" classname="com.hybridFramework.testBase.TestBase">
    <skipped/>
  </testcase> <!-- @AfterMethod afterMethod -->
  <testcase name="@BeforeMethod beforeMethod" time="0.0" classname="com.hybridFramework.testBase.TestBase">
    <skipped/>
  </testcase> <!-- @BeforeMethod beforeMethod -->
  <testcase name="@AfterMethod afterMethod" time="0.0" classname="com.hybridFramework.testBase.TestBase">
    <skipped/>
  </testcase> <!-- @AfterMethod afterMethod -->
  <testcase name="@BeforeMethod beforeMethod" time="0.0" classname="com.hybridFramework.testBase.TestBase">
    <skipped/>
  </testcase> <!-- @BeforeMethod beforeMethod -->
  <testcase name="@AfterMethod afterMethod" time="0.0" classname="com.hybridFramework.testBase.TestBase">
    <skipped/>
  </testcase> <!-- @AfterMethod afterMethod -->
  <testcase name="@BeforeMethod beforeMethod" time="0.0" classname="com.hybridFramework.testBase.TestBase">
    <skipped/>
  </testcase> <!-- @BeforeMethod beforeMethod -->
  <testcase name="@AfterMethod afterMethod" time="0.0" classname="com.hybridFramework.testBase.TestBase">
    <skipped/>
  </testcase> <!-- @AfterMethod afterMethod -->
  <testcase name="@BeforeMethod beforeMethod" time="0.0" classname="com.hybridFramework.testBase.TestBase">
    <skipped/>
  </testcase> <!-- @BeforeMethod beforeMethod -->
  <testcase name="@AfterMethod afterMethod" time="0.0" classname="com.hybridFramework.testBase.TestBase">
    <skipped/>
  </testcase> <!-- @AfterMethod afterMethod -->
  <testcase name="@BeforeMethod beforeMethod" time="0.0" classname="com.hybridFramework.testBase.TestBase">
    <skipped/>
  </testcase> <!-- @BeforeMethod beforeMethod -->
  <testcase name="@AfterMethod afterMethod" time="0.0" classname="com.hybridFramework.testBase.TestBase">
    <skipped/>
  </testcase> <!-- @AfterMethod afterMethod -->
  <testcase name="@BeforeMethod beforeMethod" time="0.0" classname="com.hybridFramework.testBase.TestBase">
    <skipped/>
  </testcase> <!-- @BeforeMethod beforeMethod -->
  <testcase name="@AfterMethod afterMethod" time="0.0" classname="com.hybridFramework.testBase.TestBase">
    <skipped/>
  </testcase> <!-- @AfterMethod afterMethod -->
  <testcase name="@BeforeMethod beforeMethod" time="0.0" classname="com.hybridFramework.testBase.TestBase">
    <skipped/>
  </testcase> <!-- @BeforeMethod beforeMethod -->
  <testcase name="@AfterMethod afterMethod" time="0.0" classname="com.hybridFramework.testBase.TestBase">
    <skipped/>
  </testcase> <!-- @AfterMethod afterMethod -->
  <testcase name="@BeforeMethod beforeMethod" time="0.0" classname="com.hybridFramework.testBase.TestBase">
    <skipped/>
  </testcase> <!-- @BeforeMethod beforeMethod -->
  <testcase name="@AfterMethod afterMethod" time="0.0" classname="com.hybridFramework.testBase.TestBase">
    <skipped/>
  </testcase> <!-- @AfterMethod afterMethod -->
  <testcase name="@BeforeMethod beforeMethod" time="0.0" classname="com.hybridFramework.testBase.TestBase">
    <skipped/>
  </testcase> <!-- @BeforeMethod beforeMethod -->
  <testcase name="@AfterMethod afterMethod" time="0.0" classname="com.hybridFramework.testBase.TestBase">
    <skipped/>
  </testcase> <!-- @AfterMethod afterMethod -->
  <testcase name="testLogin" time="0.003" classname="com.hybridFramework.homepage.TestDataDriverScript">
    <skipped/>
  </testcase> <!-- testLogin -->
  <testcase name="testLogin" time="0.001" classname="com.hybridFramework.homepage.TestDataDriverScript">
    <skipped/>
  </testcase> <!-- testLogin -->
  <testcase name="testLogin" time="0.001" classname="com.hybridFramework.homepage.TestDataDriverScript">
    <skipped/>
  </testcase> <!-- testLogin -->
  <testcase name="testLogin" time="0.001" classname="com.hybridFramework.homepage.TestDataDriverScript">
    <skipped/>
  </testcase> <!-- testLogin -->
  <testcase name="testLogin" time="0.0" classname="com.hybridFramework.homepage.TestDataDriverScript">
    <skipped/>
  </testcase> <!-- testLogin -->
  <testcase name="testLogin" time="0.001" classname="com.hybridFramework.homepage.TestDataDriverScript">
    <skipped/>
  </testcase> <!-- testLogin -->
  <testcase name="testLogin" time="0.001" classname="com.hybridFramework.homepage.TestDataDriverScript">
    <skipped/>
  </testcase> <!-- testLogin -->
  <testcase name="testLogin" time="0.001" classname="com.hybridFramework.homepage.TestDataDriverScript1">
    <skipped/>
  </testcase> <!-- testLogin -->
  <testcase name="testLogin" time="0.001" classname="com.hybridFramework.homepage.TestDataDriverScript1">
    <skipped/>
  </testcase> <!-- testLogin -->
  <testcase name="testLoginToApplication" time="0.001" classname="com.hybridFramework.loginPage.LoginTest">
    <skipped/>
  </testcase> <!-- testLoginToApplication -->
  <testcase name="@BeforeTest launchBrowser" time="0.0" classname="com.hybridFramework.testBase.TestBase">
    <ignored/>
  </testcase> <!-- @BeforeTest launchBrowser -->
  <testcase name="@BeforeTest launchBrowser" time="0.0" classname="com.hybridFramework.testBase.TestBase">
    <ignored/>
  </testcase> <!-- @BeforeTest launchBrowser -->
</testsuite> <!-- Command line test -->
