<?xml version="1.0" encoding="UTF-8" ?>
<testsuite tests="31" failures="1" name="TestSuite" time="4.686" errors="0" skipped="30">
  <properties>
[...]
</properties>
  <testcase classname="com.hybridFramework.homepage.TestDataDriverScript" name="launchBrowser" time="1.477">
    <failure type="java.lang.NullPointerException">java.lang.NullPointerException
	at com.hybridFramework.helper.Wait.WaitHelper.&lt;init&gt;(WaitHelper.java:30)
	at com.hybridFramework.testBase.TestBase.launchBrowser(TestBase.java:74)
	at sun.reflect.NativeMethodAccessorImpl.invoke0(Native Method)
	at sun.reflect.NativeMethodAccessorImpl.invoke(NativeMethodAccessorImpl.java:62)
	at sun.reflect.DelegatingMethodAccessorImpl.invoke(DelegatingMethodAccessorImpl.java:43)
	at java.lang.reflect.Method.invoke(Method.java:498)
	at org.testng.internal.MethodInvocationHelper.invokeMethod(MethodInvocationHelper.java:104)
	at org.testng.internal.Invoker.invokeConfigurationMethod(Invoker.java:515)
	at org.testng.internal.Invoker.invokeConfigurations(Invoker.java:217)
	at org.testng.internal.Invoker.invokeConfigurations(Invoker.java:144)
	at org.testng.TestRunner.beforeRun(TestRunner.java:634)
	at org.testng.TestRunner.run(TestRunner.java:602)
	at org.testng.SuiteRunner.runTest(SuiteRunner.java:387)
	at org.testng.SuiteRunner.runSequentially(SuiteRunner.java:382)
	at org.testng.SuiteRunner.privateRun(SuiteRunner.java:340)
	at org.testng.SuiteRunner.run(SuiteRunner.java:289)
	at org.testng.SuiteRunnerWorker.runSuite(SuiteRunnerWorker.java:52)
	at org.testng.SuiteRunnerWorker.run(SuiteRunnerWorker.java:86)
	at org.testng.TestNG.runSuitesSequentially(TestNG.java:1293)
	at org.testng.TestNG.runSuitesLocally(TestNG.java:1218)
	at org.testng.TestNG.runSuites(TestNG.java:1133)
	at org.testng.TestNG.run(TestNG.java:1104)
	at org.apache.maven.surefire.testng.TestNGExecutor.run(TestNGExecutor.java:77)
	at org.apache.maven.surefire.testng.TestNGDirectoryTestSuite.executeMulti(TestNGDirectoryTestSuite.java:159)
	at org.apache.maven.surefire.testng.TestNGDirectoryTestSuite.execute(TestNGDirectoryTestSuite.java:99)
	at org.apache.maven.surefire.testng.TestNGProvider.invoke(TestNGProvider.java:106)
	at sun.reflect.NativeMethodAccessorImpl.invoke0(Native Method)
	at sun.reflect.NativeMethodAccessorImpl.invoke(NativeMethodAccessorImpl.java:62)
	at sun.reflect.DelegatingMethodAccessorImpl.invoke(DelegatingMethodAccessorImpl.java:43)
	at java.lang.reflect.Method.invoke(Method.java:498)
	at org.apache.maven.surefire.util.ReflectionUtils.invokeMethodWithArray(ReflectionUtils.java:189)
	at org.apache.maven.surefire.booter.ProviderFactory$ProviderProxy.invoke(ProviderFactory.java:165)
	at org.apache.maven.surefire.booter.ProviderFactory.invokeProvider(ProviderFactory.java:85)
	at org.apache.maven.surefire.booter.ForkedBooter.runSuitesInProcess(ForkedBooter.java:115)
	at org.apache.maven.surefire.booter.ForkedBooter.main(ForkedBooter.java:75)
</failure>
    <system-out>Configuring TestNG with: org.apache.maven.surefire.testng.conf.TestNG652Configurator@12bb4df8
C:\Users\Saeid\workspace\hybridFramework
2018-01-26 01:25:13 INFO  TestBase:104 - loading config.properties
2018-01-26 01:25:13 INFO  TestBase:110 - loading or.properties
2018-01-26 01:25:13 INFO  TestBase:116 - loading homepage.properties
</system-out>
  </testcase>
  <testcase classname="com.hybridFramework.homepage.TestDataDriverScript" name="beforeMethod" time="2.647">
    <skipped/>
    <system-out>C:\Users\Saeid\workspace\hybridFramework
C:\Users\Saeid\workspace\hybridFramework/src/main/java/com/hybridFramework/data/TestData.xlsx
2018-01-26 01:25:14 INFO  Excel_reader:21 - Creating excel object:-C:\Users\Saeid\workspace\hybridFramework/src/main/java/com/hybridFramework/data/TestData.xlsx
2
0
mary
2
1
password

3
0
mary
3
1
password

4
0
mary
4
1
password

5
0
mary
5
1
password

6
0
mary
6
1
password

7
0
mary
7
1
password

8
0
mary
8
1
password

</system-out>
  </testcase>
  <testcase classname="com.hybridFramework.homepage.TestDataDriverScript" name="testLogin" time="0">
    <skipped/>
  </testcase>
  <testcase classname="com.hybridFramework.homepage.TestDataDriverScript" name="afterMethod" time="0">
    <skipped/>
  </testcase>
  <testcase classname="com.hybridFramework.homepage.TestDataDriverScript" name="beforeMethod" time="0">
    <skipped/>
  </testcase>
  <testcase classname="com.hybridFramework.homepage.TestDataDriverScript" name="testLogin" time="0">
    <skipped/>
  </testcase>
  <testcase classname="com.hybridFramework.homepage.TestDataDriverScript" name="afterMethod" time="0.001">
    <skipped/>
  </testcase>
  <testcase classname="com.hybridFramework.homepage.TestDataDriverScript" name="beforeMethod" time="0.001">
    <skipped/>
  </testcase>
  <testcase classname="com.hybridFramework.homepage.TestDataDriverScript" name="testLogin" time="0">
    <skipped/>
  </testcase>
  <testcase classname="com.hybridFramework.homepage.TestDataDriverScript" name="afterMethod" time="0">
    <skipped/>
  </testcase>
  <testcase classname="com.hybridFramework.homepage.TestDataDriverScript" name="beforeMethod" time="0.001">
    <skipped/>
  </testcase>
  <testcase classname="com.hybridFramework.homepage.TestDataDriverScript" name="testLogin" time="0">
    <skipped/>
  </testcase>
  <testcase classname="com.hybridFramework.homepage.TestDataDriverScript" name="afterMethod" time="0">
    <skipped/>
  </testcase>
  <testcase classname="com.hybridFramework.homepage.TestDataDriverScript" name="beforeMethod" time="0.001">
    <skipped/>
  </testcase>
  <testcase classname="com.hybridFramework.homepage.TestDataDriverScript" name="testLogin" time="0.001">
    <skipped/>
  </testcase>
  <testcase classname="com.hybridFramework.homepage.TestDataDriverScript" name="afterMethod" time="0.001">
    <skipped/>
  </testcase>
  <testcase classname="com.hybridFramework.homepage.TestDataDriverScript" name="beforeMethod" time="0.002">
    <skipped/>
  </testcase>
  <testcase classname="com.hybridFramework.homepage.TestDataDriverScript" name="testLogin" time="0">
    <skipped/>
  </testcase>
  <testcase classname="com.hybridFramework.homepage.TestDataDriverScript" name="afterMethod" time="0.001">
    <skipped/>
  </testcase>
  <testcase classname="com.hybridFramework.homepage.TestDataDriverScript" name="beforeMethod" time="0.001">
    <skipped/>
  </testcase>
  <testcase classname="com.hybridFramework.homepage.TestDataDriverScript" name="testLogin" time="0">
    <skipped/>
  </testcase>
  <testcase classname="com.hybridFramework.homepage.TestDataDriverScript" name="afterMethod" time="0.001">
    <skipped/>
  </testcase>
  <testcase classname="com.hybridFramework.homepage.TestDataDriverScript1" name="beforeMethod" time="0.551">
    <skipped/>
    <system-out>C:\Users\Saeid\workspace\hybridFramework
C:\Users\Saeid\workspace\hybridFramework/src/main/java/com/hybridFramework/data/TestData.xlsx
2018-01-26 01:25:15 INFO  Excel_reader:21 - Creating excel object:-C:\Users\Saeid\workspace\hybridFramework/src/main/java/com/hybridFramework/data/TestData.xlsx
2
0
A1
2
1
B1
2
2
C1
2
3
D1
2
4
E1
2
5
F1

3
0
A2
3
1
B2
3
2
C2
3
3
D2
3
4
E2
3
5
F2

</system-out>
  </testcase>
  <testcase classname="com.hybridFramework.homepage.TestDataDriverScript1" name="testLogin" time="0">
    <skipped/>
  </testcase>
  <testcase classname="com.hybridFramework.homepage.TestDataDriverScript1" name="afterMethod" time="0">
    <skipped/>
  </testcase>
  <testcase classname="com.hybridFramework.homepage.TestDataDriverScript1" name="beforeMethod" time="0">
    <skipped/>
  </testcase>
  <testcase classname="com.hybridFramework.homepage.TestDataDriverScript1" name="testLogin" time="0">
    <skipped/>
  </testcase>
  <testcase classname="com.hybridFramework.homepage.TestDataDriverScript1" name="afterMethod" time="0">
    <skipped/>
  </testcase>
  <testcase classname="com.hybridFramework.loginPage.LoginTest" name="beforeMethod" time="0">
    <skipped/>
  </testcase>
  <testcase classname="com.hybridFramework.loginPage.LoginTest" name="testLoginToApplication" time="0">
    <skipped/>
  </testcase>
  <testcase classname="com.hybridFramework.loginPage.LoginTest" name="afterMethod" time="0">
    <skipped/>
  </testcase>
</testsuite>